<?xml version="1.0" encoding="UTF-8"?>
<testsuite xmlns:xsi="http://www.w3.org/2001/XMLSchema-instance" xsi:noNamespaceSchemaLocation="https://maven.apache.org/surefire/maven-surefire-plugin/xsd/surefire-test-report.xsd" version="3.0.2" name="br.com.anisio.rest_with_spring_boot_and_java.StartupTests" time="1.906" tests="1" errors="0" skipped="0" failures="0">
  <properties>
[...]
</properties>
  <testcase name="contextLoads" classname="br.com.anisio.rest_with_spring_boot_and_java.StartupTests" time="0.457">
    <system-out><![CDATA[22:26:30.028 [main] INFO org.springframework.test.context.support.AnnotationConfigContextLoaderUtils -- Could not detect default configuration classes for test class [br.com.anisio.rest_with_spring_boot_and_java.StartupTests]: StartupTests does not declare any static, non-private, non-final, nested classes annotated with @Configuration.
22:26:30.125 [main] INFO org.springframework.boot.test.context.SpringBootTestContextBootstrapper -- Found @SpringBootConfiguration br.com.anisio.rest_with_spring_boot_and_java.Startup for test class br.com.anisio.rest_with_spring_boot_and_java.StartupTests
22:26:30.263 [main] INFO org.springframework.boot.devtools.restart.RestartApplicationListener -- Restart disabled due to context in which it is running

  .   ____          _            __ _ _
 /\\ / ___'_ __ _ _(_)_ __  __ _ \ \ \ \
( ( )\___ | '_ | '_| | '_ \/ _` | \ \ \ \
 \\/  ___)| |_)| | | | | || (_| |  ) ) ) )
  '  |____| .__|_| |_|_| |_\__, | / / / /
 =========|_|==============|___/=/_/_/_/

 :: Spring Boot ::                (v3.5.6)

2025-10-05T22:26:30.527-03:00  INFO 15496 --- [           main] b.c.a.r.StartupTests                     : Starting StartupTests using Java 25 with PID 15496 (started by anisi in C:\Users\anisi\OneDrive\Documents\Curso Spring\rest-with-spring-boot-and-java\rest-with-spring-boot-and-java)
2025-10-05T22:26:30.528-03:00  INFO 15496 --- [           main] b.c.a.r.StartupTests                     : No active profile set, falling back to 1 default profile: "default"
2025-10-05T22:26:31.340-03:00  INFO 15496 --- [           main] b.c.a.r.StartupTests                     : Started StartupTests in 1.085 seconds (process running for 2.372)
]]></system-out>
    <system-err><![CDATA[Mockito is currently self-attaching to enable the inline-mock-maker. This will no longer work in future releases of the JDK. Please add Mockito as an agent to your build as described in Mockito's documentation: https://javadoc.io/doc/org.mockito/mockito-core/latest/org.mockito/org/mockito/Mockito.html#0.3
WARNING: A Java agent has been loaded dynamically (C:\Users\anisi\.m2\repository\net\bytebuddy\byte-buddy-agent\1.17.7\byte-buddy-agent-1.17.7.jar)
WARNING: If a serviceability tool is in use, please run with -XX:+EnableDynamicAgentLoading to hide this warning
WARNING: If a serviceability tool is not in use, please run with -Djdk.instrument.traceUsage for more information
WARNING: Dynamic loading of agents will be disallowed by default in a future release
]]></system-err>
  </testcase>
</testsuite>